2025-03-17T23:32:41.584Z - User admin logged in
2025-03-17T23:36:00.523Z - Admin access by user ID: 1
2025-03-17T23:39:43.174Z - User user logged in
2025-03-17T23:40:42.320Z - User access by user ID: 2
2025-03-18T00:00:52.271Z - Failed login attempt for username: user1
2025-03-18T00:01:34.185Z - Failed login attempt for username: user1
2025-03-18T00:01:49.116Z - Failed login attempt for username: user1
2025-03-18T00:02:06.190Z - Failed login attempt for username: user2
2025-03-18T07:11:29.614Z - 2FA setup for user: admin
2025-03-18T07:14:45.795Z - User admin logged in
2025-03-18T07:15:44.623Z - Admin access by user ID: 1
2025-03-18T07:20:02.597Z - 2FA setup for user: user
2025-03-18T07:44:21.075Z - 2FA setup for user: user
2025-03-18T07:52:23.892Z - Failed 2FA attempt for username: user
2025-03-18T07:52:30.944Z - Failed 2FA attempt for username: user
2025-03-18T07:52:32.459Z - Failed 2FA attempt for username: user
2025-03-18T07:53:06.175Z - 2FA setup for user: user
2025-03-18T07:55:02.219Z - User user logged in
2025-03-18T07:55:10.043Z - User user logged in
2025-03-18T07:55:28.784Z - User access by user ID: 2
2025-03-18T08:02:55.165Z - 2FA setup for user: admin
2025-03-18T08:03:14.344Z - 2FA setup for user: admin
